The system is: Linux - 5.10.101 - x86_64
Compiling the C compiler identification source file "CMakeCCompilerId.c" succeeded.
Compiler: /home/basqs/.nix-profile/bin/cc 
Build flags: 
Id flags:  

The output was:
0


Compilation of the C compiler identification source "CMakeCCompilerId.c" produced "a.out"

The C compiler identification is Clang, found in "/home/basqs/.config/emacs/elpa/vterm-20211226.817/build/CMakeFiles/3.21.2/CompilerIdC/a.out"

Detecting C compiler ABI info compiled with the following output:
Change Dir: /home/basqs/.config/emacs/elpa/vterm-20211226.817/build/CMakeFiles/CMakeTmp

Run Build Command(s):/home/basqs/.nix-profile/bin/make -f Makefile cmTC_500d1/fast && /home/basqs/.nix-profile/bin/make  -f CMakeFiles/cmTC_500d1.dir/build.make CMakeFiles/cmTC_500d1.dir/build
make[1]: Entering directory '/home/basqs/.nixfiles/users/configs/emacs/elpa/vterm-20211226.817/build/CMakeFiles/CMakeTmp'
Building C object CMakeFiles/cmTC_500d1.dir/CMakeCCompilerABI.c.o
/home/basqs/.nix-profile/bin/cc   -v -MD -MT CMakeFiles/cmTC_500d1.dir/CMakeCCompilerABI.c.o -MF CMakeFiles/cmTC_500d1.dir/CMakeCCompilerABI.c.o.d -o CMakeFiles/cmTC_500d1.dir/CMakeCCompilerABI.c.o -c /nix/store/g9kjv17sa0afmbzkra15xr0s8wfqnwan-cmake-3.21.2/share/cmake-3.21/Modules/CMakeCCompilerABI.c
clang version 7.1.0 (tags/RELEASE_710/final)
Target: x86_64-unknown-linux-gnu
Thread model: posix
InstalledDir: /nix/store/ybwx2lcdbzijs363yvwvzgaf3m8a2ymv-clang-7.1.0/bin
Found candidate GCC installation: /nix/store/6r5h4h7nqx73m87j5b9sjwy2x9kyri0k-gcc-10.3.0/lib/gcc/x86_64-unknown-linux-gnu/10.3.0
Found candidate GCC installation: /nix/store/6r5h4h7nqx73m87j5b9sjwy2x9kyri0k-gcc-10.3.0/lib64/gcc/x86_64-unknown-linux-gnu/10.3.0
Selected GCC installation: /nix/store/6r5h4h7nqx73m87j5b9sjwy2x9kyri0k-gcc-10.3.0/lib64/gcc/x86_64-unknown-linux-gnu/10.3.0
Candidate multilib: .;@m64
Selected multilib: .;@m64
 "/nix/store/ybwx2lcdbzijs363yvwvzgaf3m8a2ymv-clang-7.1.0/bin/clang-7" -cc1 -triple x86_64-unknown-linux-gnu -emit-obj -mrelax-all -disable-free -disable-llvm-verifier -discard-value-names -main-file-name CMakeCCompilerABI.c -mrelocation-model static -mthread-model posix -mdisable-fp-elim -fmath-errno -masm-verbose -mconstructor-aliases -munwind-tables -fuse-init-array -target-cpu x86-64 -dwarf-column-info -debugger-tuning=gdb -v -coverage-notes-file /home/basqs/.nixfiles/users/configs/emacs/elpa/vterm-20211226.817/build/CMakeFiles/CMakeTmp/CMakeFiles/cmTC_500d1.dir/CMakeCCompilerABI.c.gcno -nostdsysteminc -resource-dir /nix/store/gfa8jzdv57y51l5ar3mvbkzr9jdxx8g8-clang-wrapper-7.1.0/resource-root -dependency-file CMakeFiles/cmTC_500d1.dir/CMakeCCompilerABI.c.o.d -sys-header-deps -MT CMakeFiles/cmTC_500d1.dir/CMakeCCompilerABI.c.o -idirafter /nix/store/msy4nj4gscw9csc82labx0xvh7vqlfif-glibc-2.33-117-dev/include -internal-isystem /nix/store/gfa8jzdv57y51l5ar3mvbkzr9jdxx8g8-clang-wrapper-7.1.0/resource-root/include -fdebug-compilation-dir /home/basqs/.nixfiles/users/configs/emacs/elpa/vterm-20211226.817/build/CMakeFiles/CMakeTmp -ferror-limit 19 -fmessage-length 0 -fobjc-runtime=gcc -fdiagnostics-show-option -o CMakeFiles/cmTC_500d1.dir/CMakeCCompilerABI.c.o -x c /nix/store/g9kjv17sa0afmbzkra15xr0s8wfqnwan-cmake-3.21.2/share/cmake-3.21/Modules/CMakeCCompilerABI.c -faddrsig
clang -cc1 version 7.1.0 based upon LLVM 7.1.0 default target x86_64-unknown-linux-gnu
#include "..." search starts here:
#include <...> search starts here:
 /nix/store/gfa8jzdv57y51l5ar3mvbkzr9jdxx8g8-clang-wrapper-7.1.0/resource-root/include
 /nix/store/msy4nj4gscw9csc82labx0xvh7vqlfif-glibc-2.33-117-dev/include
End of search list.
Linking C executable cmTC_500d1
/nix/store/g9kjv17sa0afmbzkra15xr0s8wfqnwan-cmake-3.21.2/bin/cmake -E cmake_link_script CMakeFiles/cmTC_500d1.dir/link.txt --verbose=1
/home/basqs/.nix-profile/bin/cc  -v CMakeFiles/cmTC_500d1.dir/CMakeCCompilerABI.c.o -o cmTC_500d1 
clang version 7.1.0 (tags/RELEASE_710/final)
Target: x86_64-unknown-linux-gnu
Thread model: posix
InstalledDir: /nix/store/ybwx2lcdbzijs363yvwvzgaf3m8a2ymv-clang-7.1.0/bin
Found candidate GCC installation: /nix/store/6r5h4h7nqx73m87j5b9sjwy2x9kyri0k-gcc-10.3.0/lib/gcc/x86_64-unknown-linux-gnu/10.3.0
Found candidate GCC installation: /nix/store/6r5h4h7nqx73m87j5b9sjwy2x9kyri0k-gcc-10.3.0/lib64/gcc/x86_64-unknown-linux-gnu/10.3.0
Selected GCC installation: /nix/store/6r5h4h7nqx73m87j5b9sjwy2x9kyri0k-gcc-10.3.0/lib64/gcc/x86_64-unknown-linux-gnu/10.3.0
Candidate multilib: .;@m64
Selected multilib: .;@m64
 "/nix/store/gfa8jzdv57y51l5ar3mvbkzr9jdxx8g8-clang-wrapper-7.1.0/bin/ld" --eh-frame-hdr -m elf_x86_64 -o cmTC_500d1 /nix/store/65hafbsx91127farbmyyv4r5ifgjdg43-glibc-2.33-117/lib/crt1.o /nix/store/65hafbsx91127farbmyyv4r5ifgjdg43-glibc-2.33-117/lib/crti.o /nix/store/6r5h4h7nqx73m87j5b9sjwy2x9kyri0k-gcc-10.3.0/lib/gcc/x86_64-unknown-linux-gnu/10.3.0/crtbegin.o -L/nix/store/65hafbsx91127farbmyyv4r5ifgjdg43-glibc-2.33-117/lib -L/nix/store/6r5h4h7nqx73m87j5b9sjwy2x9kyri0k-gcc-10.3.0/lib/gcc/x86_64-unknown-linux-gnu/10.3.0 -L/nix/store/dd8swlwhpdhn6bv219562vyxhi8278hs-gcc-10.3.0-lib/x86_64-unknown-linux-gnu/lib -L/nix/store/awrbqxiqaf468sjqdin06z161hzc9bws-clang-7.1.0-lib/lib -L/nix/store/6r5h4h7nqx73m87j5b9sjwy2x9kyri0k-gcc-10.3.0/lib64/gcc/x86_64-unknown-linux-gnu/10.3.0 -L/nix/store/6r5h4h7nqx73m87j5b9sjwy2x9kyri0k-gcc-10.3.0/lib64/gcc/x86_64-unknown-linux-gnu/10.3.0/../../../../lib64 -L/nix/store/6r5h4h7nqx73m87j5b9sjwy2x9kyri0k-gcc-10.3.0/lib64/gcc/x86_64-unknown-linux-gnu/10.3.0/../../.. -dynamic-linker=/nix/store/65hafbsx91127farbmyyv4r5ifgjdg43-glibc-2.33-117/lib/ld-linux-x86-64.so.2 CMakeFiles/cmTC_500d1.dir/CMakeCCompilerABI.c.o -lgcc --as-needed -lgcc_s --no-as-needed -lc -lgcc --as-needed -lgcc_s --no-as-needed /nix/store/6r5h4h7nqx73m87j5b9sjwy2x9kyri0k-gcc-10.3.0/lib/gcc/x86_64-unknown-linux-gnu/10.3.0/crtend.o /nix/store/65hafbsx91127farbmyyv4r5ifgjdg43-glibc-2.33-117/lib/crtn.o
make[1]: Leaving directory '/home/basqs/.nixfiles/users/configs/emacs/elpa/vterm-20211226.817/build/CMakeFiles/CMakeTmp'



Parsed C implicit include dir info from above output: rv=done
  found start of include info
  found start of implicit include info
    add: [/nix/store/gfa8jzdv57y51l5ar3mvbkzr9jdxx8g8-clang-wrapper-7.1.0/resource-root/include]
    add: [/nix/store/msy4nj4gscw9csc82labx0xvh7vqlfif-glibc-2.33-117-dev/include]
  end of search list found
  collapse include dir [/nix/store/gfa8jzdv57y51l5ar3mvbkzr9jdxx8g8-clang-wrapper-7.1.0/resource-root/include] ==> [/nix/store/gfa8jzdv57y51l5ar3mvbkzr9jdxx8g8-clang-wrapper-7.1.0/resource-root/include]
  collapse include dir [/nix/store/msy4nj4gscw9csc82labx0xvh7vqlfif-glibc-2.33-117-dev/include] ==> [/nix/store/msy4nj4gscw9csc82labx0xvh7vqlfif-glibc-2.33-117-dev/include]
  implicit include dirs: [/nix/store/gfa8jzdv57y51l5ar3mvbkzr9jdxx8g8-clang-wrapper-7.1.0/resource-root/include;/nix/store/msy4nj4gscw9csc82labx0xvh7vqlfif-glibc-2.33-117-dev/include]


Parsed C implicit link information from above output:
  link line regex: [^( *|.*[/\])(ld\.lld|CMAKE_LINK_STARTFILE-NOTFOUND|([^/\]+-)?ld|collect2)[^/\]*( |$)]
  ignore line: [Change Dir: /home/basqs/.config/emacs/elpa/vterm-20211226.817/build/CMakeFiles/CMakeTmp]
  ignore line: []
  ignore line: [Run Build Command(s):/home/basqs/.nix-profile/bin/make -f Makefile cmTC_500d1/fast && /home/basqs/.nix-profile/bin/make  -f CMakeFiles/cmTC_500d1.dir/build.make CMakeFiles/cmTC_500d1.dir/build]
  ignore line: [make[1]: Entering directory '/home/basqs/.nixfiles/users/configs/emacs/elpa/vterm-20211226.817/build/CMakeFiles/CMakeTmp']
  ignore line: [Building C object CMakeFiles/cmTC_500d1.dir/CMakeCCompilerABI.c.o]
  ignore line: [/home/basqs/.nix-profile/bin/cc   -v -MD -MT CMakeFiles/cmTC_500d1.dir/CMakeCCompilerABI.c.o -MF CMakeFiles/cmTC_500d1.dir/CMakeCCompilerABI.c.o.d -o CMakeFiles/cmTC_500d1.dir/CMakeCCompilerABI.c.o -c /nix/store/g9kjv17sa0afmbzkra15xr0s8wfqnwan-cmake-3.21.2/share/cmake-3.21/Modules/CMakeCCompilerABI.c]
  ignore line: [clang version 7.1.0 (tags/RELEASE_710/final)]
  ignore line: [Target: x86_64-unknown-linux-gnu]
  ignore line: [Thread model: posix]
  ignore line: [InstalledDir: /nix/store/ybwx2lcdbzijs363yvwvzgaf3m8a2ymv-clang-7.1.0/bin]
  ignore line: [Found candidate GCC installation: /nix/store/6r5h4h7nqx73m87j5b9sjwy2x9kyri0k-gcc-10.3.0/lib/gcc/x86_64-unknown-linux-gnu/10.3.0]
  ignore line: [Found candidate GCC installation: /nix/store/6r5h4h7nqx73m87j5b9sjwy2x9kyri0k-gcc-10.3.0/lib64/gcc/x86_64-unknown-linux-gnu/10.3.0]
  ignore line: [Selected GCC installation: /nix/store/6r5h4h7nqx73m87j5b9sjwy2x9kyri0k-gcc-10.3.0/lib64/gcc/x86_64-unknown-linux-gnu/10.3.0]
  ignore line: [Candidate multilib: .]
  ignore line: [@m64]
  ignore line: [Selected multilib: .]
  ignore line: [@m64]
  ignore line: [ "/nix/store/ybwx2lcdbzijs363yvwvzgaf3m8a2ymv-clang-7.1.0/bin/clang-7" -cc1 -triple x86_64-unknown-linux-gnu -emit-obj -mrelax-all -disable-free -disable-llvm-verifier -discard-value-names -main-file-name CMakeCCompilerABI.c -mrelocation-model static -mthread-model posix -mdisable-fp-elim -fmath-errno -masm-verbose -mconstructor-aliases -munwind-tables -fuse-init-array -target-cpu x86-64 -dwarf-column-info -debugger-tuning=gdb -v -coverage-notes-file /home/basqs/.nixfiles/users/configs/emacs/elpa/vterm-20211226.817/build/CMakeFiles/CMakeTmp/CMakeFiles/cmTC_500d1.dir/CMakeCCompilerABI.c.gcno -nostdsysteminc -resource-dir /nix/store/gfa8jzdv57y51l5ar3mvbkzr9jdxx8g8-clang-wrapper-7.1.0/resource-root -dependency-file CMakeFiles/cmTC_500d1.dir/CMakeCCompilerABI.c.o.d -sys-header-deps -MT CMakeFiles/cmTC_500d1.dir/CMakeCCompilerABI.c.o -idirafter /nix/store/msy4nj4gscw9csc82labx0xvh7vqlfif-glibc-2.33-117-dev/include -internal-isystem /nix/store/gfa8jzdv57y51l5ar3mvbkzr9jdxx8g8-clang-wrapper-7.1.0/resource-root/include -fdebug-compilation-dir /home/basqs/.nixfiles/users/configs/emacs/elpa/vterm-20211226.817/build/CMakeFiles/CMakeTmp -ferror-limit 19 -fmessage-length 0 -fobjc-runtime=gcc -fdiagnostics-show-option -o CMakeFiles/cmTC_500d1.dir/CMakeCCompilerABI.c.o -x c /nix/store/g9kjv17sa0afmbzkra15xr0s8wfqnwan-cmake-3.21.2/share/cmake-3.21/Modules/CMakeCCompilerABI.c -faddrsig]
  ignore line: [clang -cc1 version 7.1.0 based upon LLVM 7.1.0 default target x86_64-unknown-linux-gnu]
  ignore line: [#include "..." search starts here:]
  ignore line: [#include <...> search starts here:]
  ignore line: [ /nix/store/gfa8jzdv57y51l5ar3mvbkzr9jdxx8g8-clang-wrapper-7.1.0/resource-root/include]
  ignore line: [ /nix/store/msy4nj4gscw9csc82labx0xvh7vqlfif-glibc-2.33-117-dev/include]
  ignore line: [End of search list.]
  ignore line: [Linking C executable cmTC_500d1]
  ignore line: [/nix/store/g9kjv17sa0afmbzkra15xr0s8wfqnwan-cmake-3.21.2/bin/cmake -E cmake_link_script CMakeFiles/cmTC_500d1.dir/link.txt --verbose=1]
  ignore line: [/home/basqs/.nix-profile/bin/cc  -v CMakeFiles/cmTC_500d1.dir/CMakeCCompilerABI.c.o -o cmTC_500d1 ]
  ignore line: [clang version 7.1.0 (tags/RELEASE_710/final)]
  ignore line: [Target: x86_64-unknown-linux-gnu]
  ignore line: [Thread model: posix]
  ignore line: [InstalledDir: /nix/store/ybwx2lcdbzijs363yvwvzgaf3m8a2ymv-clang-7.1.0/bin]
  ignore line: [Found candidate GCC installation: /nix/store/6r5h4h7nqx73m87j5b9sjwy2x9kyri0k-gcc-10.3.0/lib/gcc/x86_64-unknown-linux-gnu/10.3.0]
  ignore line: [Found candidate GCC installation: /nix/store/6r5h4h7nqx73m87j5b9sjwy2x9kyri0k-gcc-10.3.0/lib64/gcc/x86_64-unknown-linux-gnu/10.3.0]
  ignore line: [Selected GCC installation: /nix/store/6r5h4h7nqx73m87j5b9sjwy2x9kyri0k-gcc-10.3.0/lib64/gcc/x86_64-unknown-linux-gnu/10.3.0]
  ignore line: [Candidate multilib: .]
  ignore line: [@m64]
  ignore line: [Selected multilib: .]
  ignore line: [@m64]
  link line: [ "/nix/store/gfa8jzdv57y51l5ar3mvbkzr9jdxx8g8-clang-wrapper-7.1.0/bin/ld" --eh-frame-hdr -m elf_x86_64 -o cmTC_500d1 /nix/store/65hafbsx91127farbmyyv4r5ifgjdg43-glibc-2.33-117/lib/crt1.o /nix/store/65hafbsx91127farbmyyv4r5ifgjdg43-glibc-2.33-117/lib/crti.o /nix/store/6r5h4h7nqx73m87j5b9sjwy2x9kyri0k-gcc-10.3.0/lib/gcc/x86_64-unknown-linux-gnu/10.3.0/crtbegin.o -L/nix/store/65hafbsx91127farbmyyv4r5ifgjdg43-glibc-2.33-117/lib -L/nix/store/6r5h4h7nqx73m87j5b9sjwy2x9kyri0k-gcc-10.3.0/lib/gcc/x86_64-unknown-linux-gnu/10.3.0 -L/nix/store/dd8swlwhpdhn6bv219562vyxhi8278hs-gcc-10.3.0-lib/x86_64-unknown-linux-gnu/lib -L/nix/store/awrbqxiqaf468sjqdin06z161hzc9bws-clang-7.1.0-lib/lib -L/nix/store/6r5h4h7nqx73m87j5b9sjwy2x9kyri0k-gcc-10.3.0/lib64/gcc/x86_64-unknown-linux-gnu/10.3.0 -L/nix/store/6r5h4h7nqx73m87j5b9sjwy2x9kyri0k-gcc-10.3.0/lib64/gcc/x86_64-unknown-linux-gnu/10.3.0/../../../../lib64 -L/nix/store/6r5h4h7nqx73m87j5b9sjwy2x9kyri0k-gcc-10.3.0/lib64/gcc/x86_64-unknown-linux-gnu/10.3.0/../../.. -dynamic-linker=/nix/store/65hafbsx91127farbmyyv4r5ifgjdg43-glibc-2.33-117/lib/ld-linux-x86-64.so.2 CMakeFiles/cmTC_500d1.dir/CMakeCCompilerABI.c.o -lgcc --as-needed -lgcc_s --no-as-needed -lc -lgcc --as-needed -lgcc_s --no-as-needed /nix/store/6r5h4h7nqx73m87j5b9sjwy2x9kyri0k-gcc-10.3.0/lib/gcc/x86_64-unknown-linux-gnu/10.3.0/crtend.o /nix/store/65hafbsx91127farbmyyv4r5ifgjdg43-glibc-2.33-117/lib/crtn.o]
    arg [/nix/store/gfa8jzdv57y51l5ar3mvbkzr9jdxx8g8-clang-wrapper-7.1.0/bin/ld] ==> ignore
    arg [--eh-frame-hdr] ==> ignore
    arg [-m] ==> ignore
    arg [elf_x86_64] ==> ignore
    arg [-o] ==> ignore
    arg [cmTC_500d1] ==> ignore
    arg [/nix/store/65hafbsx91127farbmyyv4r5ifgjdg43-glibc-2.33-117/lib/crt1.o] ==> obj [/nix/store/65hafbsx91127farbmyyv4r5ifgjdg43-glibc-2.33-117/lib/crt1.o]
    arg [/nix/store/65hafbsx91127farbmyyv4r5ifgjdg43-glibc-2.33-117/lib/crti.o] ==> obj [/nix/store/65hafbsx91127farbmyyv4r5ifgjdg43-glibc-2.33-117/lib/crti.o]
    arg [/nix/store/6r5h4h7nqx73m87j5b9sjwy2x9kyri0k-gcc-10.3.0/lib/gcc/x86_64-unknown-linux-gnu/10.3.0/crtbegin.o] ==> obj [/nix/store/6r5h4h7nqx73m87j5b9sjwy2x9kyri0k-gcc-10.3.0/lib/gcc/x86_64-unknown-linux-gnu/10.3.0/crtbegin.o]
    arg [-L/nix/store/65hafbsx91127farbmyyv4r5ifgjdg43-glibc-2.33-117/lib] ==> dir [/nix/store/65hafbsx91127farbmyyv4r5ifgjdg43-glibc-2.33-117/lib]
    arg [-L/nix/store/6r5h4h7nqx73m87j5b9sjwy2x9kyri0k-gcc-10.3.0/lib/gcc/x86_64-unknown-linux-gnu/10.3.0] ==> dir [/nix/store/6r5h4h7nqx73m87j5b9sjwy2x9kyri0k-gcc-10.3.0/lib/gcc/x86_64-unknown-linux-gnu/10.3.0]
    arg [-L/nix/store/dd8swlwhpdhn6bv219562vyxhi8278hs-gcc-10.3.0-lib/x86_64-unknown-linux-gnu/lib] ==> dir [/nix/store/dd8swlwhpdhn6bv219562vyxhi8278hs-gcc-10.3.0-lib/x86_64-unknown-linux-gnu/lib]
    arg [-L/nix/store/awrbqxiqaf468sjqdin06z161hzc9bws-clang-7.1.0-lib/lib] ==> dir [/nix/store/awrbqxiqaf468sjqdin06z161hzc9bws-clang-7.1.0-lib/lib]
    arg [-L/nix/store/6r5h4h7nqx73m87j5b9sjwy2x9kyri0k-gcc-10.3.0/lib64/gcc/x86_64-unknown-linux-gnu/10.3.0] ==> dir [/nix/store/6r5h4h7nqx73m87j5b9sjwy2x9kyri0k-gcc-10.3.0/lib64/gcc/x86_64-unknown-linux-gnu/10.3.0]
    arg [-L/nix/store/6r5h4h7nqx73m87j5b9sjwy2x9kyri0k-gcc-10.3.0/lib64/gcc/x86_64-unknown-linux-gnu/10.3.0/../../../../lib64] ==> dir [/nix/store/6r5h4h7nqx73m87j5b9sjwy2x9kyri0k-gcc-10.3.0/lib64/gcc/x86_64-unknown-linux-gnu/10.3.0/../../../../lib64]
    arg [-L/nix/store/6r5h4h7nqx73m87j5b9sjwy2x9kyri0k-gcc-10.3.0/lib64/gcc/x86_64-unknown-linux-gnu/10.3.0/../../..] ==> dir [/nix/store/6r5h4h7nqx73m87j5b9sjwy2x9kyri0k-gcc-10.3.0/lib64/gcc/x86_64-unknown-linux-gnu/10.3.0/../../..]
    arg [-dynamic-linker=/nix/store/65hafbsx91127farbmyyv4r5ifgjdg43-glibc-2.33-117/lib/ld-linux-x86-64.so.2] ==> ignore
    arg [CMakeFiles/cmTC_500d1.dir/CMakeCCompilerABI.c.o] ==> ignore
    arg [-lgcc] ==> lib [gcc]
    arg [--as-needed] ==> ignore
    arg [-lgcc_s] ==> lib [gcc_s]
    arg [--no-as-needed] ==> ignore
    arg [-lc] ==> lib [c]
    arg [-lgcc] ==> lib [gcc]
    arg [--as-needed] ==> ignore
    arg [-lgcc_s] ==> lib [gcc_s]
    arg [--no-as-needed] ==> ignore
    arg [/nix/store/6r5h4h7nqx73m87j5b9sjwy2x9kyri0k-gcc-10.3.0/lib/gcc/x86_64-unknown-linux-gnu/10.3.0/crtend.o] ==> obj [/nix/store/6r5h4h7nqx73m87j5b9sjwy2x9kyri0k-gcc-10.3.0/lib/gcc/x86_64-unknown-linux-gnu/10.3.0/crtend.o]
    arg [/nix/store/65hafbsx91127farbmyyv4r5ifgjdg43-glibc-2.33-117/lib/crtn.o] ==> obj [/nix/store/65hafbsx91127farbmyyv4r5ifgjdg43-glibc-2.33-117/lib/crtn.o]
  collapse library dir [/nix/store/65hafbsx91127farbmyyv4r5ifgjdg43-glibc-2.33-117/lib] ==> [/nix/store/65hafbsx91127farbmyyv4r5ifgjdg43-glibc-2.33-117/lib]
  collapse library dir [/nix/store/6r5h4h7nqx73m87j5b9sjwy2x9kyri0k-gcc-10.3.0/lib/gcc/x86_64-unknown-linux-gnu/10.3.0] ==> [/nix/store/6r5h4h7nqx73m87j5b9sjwy2x9kyri0k-gcc-10.3.0/lib/gcc/x86_64-unknown-linux-gnu/10.3.0]
  collapse library dir [/nix/store/dd8swlwhpdhn6bv219562vyxhi8278hs-gcc-10.3.0-lib/x86_64-unknown-linux-gnu/lib] ==> [/nix/store/dd8swlwhpdhn6bv219562vyxhi8278hs-gcc-10.3.0-lib/x86_64-unknown-linux-gnu/lib]
  collapse library dir [/nix/store/awrbqxiqaf468sjqdin06z161hzc9bws-clang-7.1.0-lib/lib] ==> [/nix/store/awrbqxiqaf468sjqdin06z161hzc9bws-clang-7.1.0-lib/lib]
  collapse library dir [/nix/store/6r5h4h7nqx73m87j5b9sjwy2x9kyri0k-gcc-10.3.0/lib64/gcc/x86_64-unknown-linux-gnu/10.3.0] ==> [/nix/store/6r5h4h7nqx73m87j5b9sjwy2x9kyri0k-gcc-10.3.0/lib64/gcc/x86_64-unknown-linux-gnu/10.3.0]
  collapse library dir [/nix/store/6r5h4h7nqx73m87j5b9sjwy2x9kyri0k-gcc-10.3.0/lib64/gcc/x86_64-unknown-linux-gnu/10.3.0/../../../../lib64] ==> [/nix/store/6r5h4h7nqx73m87j5b9sjwy2x9kyri0k-gcc-10.3.0/lib64]
  collapse library dir [/nix/store/6r5h4h7nqx73m87j5b9sjwy2x9kyri0k-gcc-10.3.0/lib64/gcc/x86_64-unknown-linux-gnu/10.3.0/../../..] ==> [/nix/store/6r5h4h7nqx73m87j5b9sjwy2x9kyri0k-gcc-10.3.0/lib64]
  implicit libs: [gcc;gcc_s;c;gcc;gcc_s]
  implicit objs: [/nix/store/65hafbsx91127farbmyyv4r5ifgjdg43-glibc-2.33-117/lib/crt1.o;/nix/store/65hafbsx91127farbmyyv4r5ifgjdg43-glibc-2.33-117/lib/crti.o;/nix/store/6r5h4h7nqx73m87j5b9sjwy2x9kyri0k-gcc-10.3.0/lib/gcc/x86_64-unknown-linux-gnu/10.3.0/crtbegin.o;/nix/store/6r5h4h7nqx73m87j5b9sjwy2x9kyri0k-gcc-10.3.0/lib/gcc/x86_64-unknown-linux-gnu/10.3.0/crtend.o;/nix/store/65hafbsx91127farbmyyv4r5ifgjdg43-glibc-2.33-117/lib/crtn.o]
  implicit dirs: [/nix/store/65hafbsx91127farbmyyv4r5ifgjdg43-glibc-2.33-117/lib;/nix/store/6r5h4h7nqx73m87j5b9sjwy2x9kyri0k-gcc-10.3.0/lib/gcc/x86_64-unknown-linux-gnu/10.3.0;/nix/store/dd8swlwhpdhn6bv219562vyxhi8278hs-gcc-10.3.0-lib/x86_64-unknown-linux-gnu/lib;/nix/store/awrbqxiqaf468sjqdin06z161hzc9bws-clang-7.1.0-lib/lib;/nix/store/6r5h4h7nqx73m87j5b9sjwy2x9kyri0k-gcc-10.3.0/lib64/gcc/x86_64-unknown-linux-gnu/10.3.0;/nix/store/6r5h4h7nqx73m87j5b9sjwy2x9kyri0k-gcc-10.3.0/lib64]
  implicit fwks: []


